2012-12-15 21:24:13,765 - [INFO] - from play in main 
Listening for HTTP on port 9000...

2012-12-15 21:25:03,884 - [INFO] - from play in play-akka.actor.default-dispatcher-1 
database [default] connected at jdbc:postgresql://localhost:5432/todolist

2012-12-15 21:25:06,111 - [INFO] - from play in play-akka.actor.default-dispatcher-1 
Application started (Dev)

2012-12-15 21:25:10,431 - [ERROR] - from play in play-akka.actor.promises-dispatcher-1 
Cannot invoke the action, eventually got an error: Thrown(akka.pattern.AskTimeoutException: Timed out)

2012-12-15 21:38:40,491 - [INFO] - from application in play-akka.actor.actions-dispatcher-11 
***1      1+++++++++++++++++++---

2012-12-15 21:38:40,492 - [INFO] - from application in play-akka.actor.actions-dispatcher-11 
***1      2+++++++++++++++++++2012-12-13 21:33:16.105

2012-12-15 21:38:40,492 - [INFO] - from application in play-akka.actor.actions-dispatcher-11 
***1      3+++++++++++++++++++2012-12-09 22:23:45.705

2012-12-15 21:38:40,492 - [INFO] - from application in play-akka.actor.actions-dispatcher-11 
***1      4+++++++++++++++++++---

2012-12-15 21:38:40,492 - [INFO] - from application in play-akka.actor.actions-dispatcher-11 
***2      5+++++++++++++++++++---

2012-12-15 21:38:40,492 - [INFO] - from application in play-akka.actor.actions-dispatcher-11 
***2      6+++++++++++++++++++---

2012-12-15 21:47:31,929 - [INFO] - from application in play-akka.actor.actions-dispatcher-11 
***1      1+++++++++++++++++++---

2012-12-15 21:47:31,930 - [INFO] - from application in play-akka.actor.actions-dispatcher-11 
***1      2+++++++++++++++++++2012-12-13 21:33:16.105

2012-12-15 21:47:31,930 - [INFO] - from application in play-akka.actor.actions-dispatcher-11 
***1      3+++++++++++++++++++2012-12-09 22:23:45.705

2012-12-15 21:47:31,930 - [INFO] - from application in play-akka.actor.actions-dispatcher-11 
***1      4+++++++++++++++++++---

2012-12-15 21:47:31,930 - [INFO] - from application in play-akka.actor.actions-dispatcher-11 
***2      5+++++++++++++++++++---

2012-12-15 21:47:31,930 - [INFO] - from application in play-akka.actor.actions-dispatcher-11 
***2      6+++++++++++++++++++---

2012-12-15 21:53:15,014 - [INFO] - from play in play-akka.actor.default-dispatcher-13 
database [default] connected at jdbc:postgresql://localhost:5432/todolist

2012-12-15 21:53:15,037 - [INFO] - from play in play-akka.actor.default-dispatcher-13 
Application started (Dev)

2012-12-15 22:04:40,701 - [ERROR] - from application in New I/O  worker #3 


! Internal server error, for request [GET /buildings] ->

sbt.PlayExceptions$CompilationException: Compilation error [type mismatch;
 found   : Unit
 required: play.api.mvc.Result]
	at sbt.PlayReloader$$anon$2$$anonfun$reload$3$$anonfun$4$$anonfun$apply$12$$anonfun$apply$13.apply(PlayReloader.scala:236) ~[na:na]
	at sbt.PlayReloader$$anon$2$$anonfun$reload$3$$anonfun$4$$anonfun$apply$12$$anonfun$apply$13.apply(PlayReloader.scala:236) ~[na:na]
	at scala.Option.map(Option.scala:133) ~[scala-library.jar:0.11.3]
	at sbt.PlayReloader$$anon$2$$anonfun$reload$3$$anonfun$4$$anonfun$apply$12.apply(PlayReloader.scala:236) ~[na:na]
	at sbt.PlayReloader$$anon$2$$anonfun$reload$3$$anonfun$4$$anonfun$apply$12.apply(PlayReloader.scala:233) ~[na:na]
	at scala.Option.map(Option.scala:133) ~[scala-library.jar:0.11.3]
	at sbt.PlayReloader$$anon$2$$anonfun$reload$3$$anonfun$4.apply(PlayReloader.scala:233) ~[na:na]
	at sbt.PlayReloader$$anon$2$$anonfun$reload$3$$anonfun$4.apply(PlayReloader.scala:231) ~[na:na]
	at scala.Either$LeftProjection.map(Either.scala:183) ~[scala-library.jar:0.11.3]
	at sbt.PlayReloader$$anon$2$$anonfun$reload$3.apply(PlayReloader.scala:231) ~[na:na]
	at sbt.PlayReloader$$anon$2$$anonfun$reload$3.apply(PlayReloader.scala:226) ~[na:na]
	at scala.Option.getOrElse(Option.scala:108) ~[scala-library.jar:0.11.3]
	at sbt.PlayReloader$$anon$2.reload(PlayReloader.scala:226) ~[na:na]
	at play.core.ReloadableApplication$$anonfun$get$1.apply(ApplicationProvider.scala:110) ~[play_2.9.1.jar:2.0.4]
	at play.core.ReloadableApplication$$anonfun$get$1.apply(ApplicationProvider.scala:110) ~[play_2.9.1.jar:2.0.4]
	at akka.dispatch.Future$$anon$3.liftedTree1$1(Future.scala:195) ~[akka-actor.jar:2.0.2]
	at akka.dispatch.Future$$anon$3.run(Future.scala:194) ~[akka-actor.jar:2.0.2]
	at akka.dispatch.TaskInvocation.run(AbstractDispatcher.scala:94) ~[akka-actor.jar:2.0.2]
	at akka.jsr166y.ForkJoinTask$AdaptedRunnableAction.exec(ForkJoinTask.java:1381) ~[akka-actor.jar:2.0.2]
	at akka.jsr166y.ForkJoinTask.doExec(ForkJoinTask.java:259) ~[akka-actor.jar:2.0.2]
	at akka.jsr166y.ForkJoinPool$WorkQueue.runTask(ForkJoinPool.java:975) ~[akka-actor.jar:2.0.2]
	at akka.jsr166y.ForkJoinPool.runWorker(ForkJoinPool.java:1479) ~[akka-actor.jar:2.0.2]
	at akka.jsr166y.ForkJoinWorkerThread.run(ForkJoinWorkerThread.java:104) ~[akka-actor.jar:2.0.2]

2012-12-15 22:07:55,160 - [ERROR] - from application in New I/O  worker #4 


! Internal server error, for request [GET /] ->

sbt.PlayExceptions$CompilationException: Compilation error [not enough arguments for method apply: (roomForm: play.api.data.Form[models.Room], buildingId: Long)play.api.templates.Html in object roomNewForm.
Unspecified value parameter buildingId.]
	at sbt.PlayReloader$$anon$2$$anonfun$reload$3$$anonfun$4$$anonfun$apply$12$$anonfun$apply$13.apply(PlayReloader.scala:236) ~[na:na]
	at sbt.PlayReloader$$anon$2$$anonfun$reload$3$$anonfun$4$$anonfun$apply$12$$anonfun$apply$13.apply(PlayReloader.scala:236) ~[na:na]
	at scala.Option.map(Option.scala:133) ~[scala-library.jar:0.11.3]
	at sbt.PlayReloader$$anon$2$$anonfun$reload$3$$anonfun$4$$anonfun$apply$12.apply(PlayReloader.scala:236) ~[na:na]
	at sbt.PlayReloader$$anon$2$$anonfun$reload$3$$anonfun$4$$anonfun$apply$12.apply(PlayReloader.scala:233) ~[na:na]
	at scala.Option.map(Option.scala:133) ~[scala-library.jar:0.11.3]
	at sbt.PlayReloader$$anon$2$$anonfun$reload$3$$anonfun$4.apply(PlayReloader.scala:233) ~[na:na]
	at sbt.PlayReloader$$anon$2$$anonfun$reload$3$$anonfun$4.apply(PlayReloader.scala:231) ~[na:na]
	at scala.Either$LeftProjection.map(Either.scala:183) ~[scala-library.jar:0.11.3]
	at sbt.PlayReloader$$anon$2$$anonfun$reload$3.apply(PlayReloader.scala:231) ~[na:na]
	at sbt.PlayReloader$$anon$2$$anonfun$reload$3.apply(PlayReloader.scala:226) ~[na:na]
	at scala.Option.getOrElse(Option.scala:108) ~[scala-library.jar:0.11.3]
	at sbt.PlayReloader$$anon$2.reload(PlayReloader.scala:226) ~[na:na]
	at play.core.ReloadableApplication$$anonfun$get$1.apply(ApplicationProvider.scala:110) ~[play_2.9.1.jar:2.0.4]
	at play.core.ReloadableApplication$$anonfun$get$1.apply(ApplicationProvider.scala:110) ~[play_2.9.1.jar:2.0.4]
	at akka.dispatch.Future$$anon$3.liftedTree1$1(Future.scala:195) ~[akka-actor.jar:2.0.2]
	at akka.dispatch.Future$$anon$3.run(Future.scala:194) ~[akka-actor.jar:2.0.2]
	at akka.dispatch.TaskInvocation.run(AbstractDispatcher.scala:94) ~[akka-actor.jar:2.0.2]
	at akka.jsr166y.ForkJoinTask$AdaptedRunnableAction.exec(ForkJoinTask.java:1381) ~[akka-actor.jar:2.0.2]
	at akka.jsr166y.ForkJoinTask.doExec(ForkJoinTask.java:259) ~[akka-actor.jar:2.0.2]
	at akka.jsr166y.ForkJoinPool$WorkQueue.runTask(ForkJoinPool.java:975) ~[akka-actor.jar:2.0.2]
	at akka.jsr166y.ForkJoinPool.runWorker(ForkJoinPool.java:1479) ~[akka-actor.jar:2.0.2]
	at akka.jsr166y.ForkJoinWorkerThread.run(ForkJoinWorkerThread.java:104) ~[akka-actor.jar:2.0.2]

2012-12-15 22:16:22,244 - [INFO] - from play in play-akka.actor.default-dispatcher-14 
database [default] connected at jdbc:postgresql://localhost:5432/todolist

2012-12-15 22:16:22,261 - [INFO] - from play in play-akka.actor.default-dispatcher-14 
Application started (Dev)

2012-12-15 22:18:37,024 - [INFO] - from play in play-akka.actor.default-dispatcher-20 
database [default] connected at jdbc:postgresql://localhost:5432/todolist

2012-12-15 22:18:37,045 - [INFO] - from play in play-akka.actor.default-dispatcher-20 
Application started (Dev)

2012-12-15 22:19:23,395 - [INFO] - from play in play-akka.actor.default-dispatcher-22 
database [default] connected at jdbc:postgresql://localhost:5432/todolist

2012-12-15 22:19:23,418 - [INFO] - from play in play-akka.actor.default-dispatcher-22 
Application started (Dev)

2012-12-15 22:32:15,625 - [INFO] - from play in play-akka.actor.default-dispatcher-25 
database [default] connected at jdbc:postgresql://localhost:5432/todolist

2012-12-15 22:32:15,651 - [INFO] - from play in play-akka.actor.default-dispatcher-25 
Application started (Dev)

2012-12-15 22:54:54,611 - [INFO] - from play in play-akka.actor.default-dispatcher-28 
database [default] connected at jdbc:postgresql://localhost:5432/todolist

2012-12-15 22:54:54,633 - [INFO] - from play in play-akka.actor.default-dispatcher-28 
Application started (Dev)

2012-12-15 22:55:42,174 - [ERROR] - from application in New I/O  worker #2 


! Internal server error, for request [GET /buildings] ->

sbt.PlayExceptions$CompilationException: Compilation error [value events is not a member of controllers.ReverseBuildingController]
	at sbt.PlayReloader$$anon$2$$anonfun$reload$3$$anonfun$4$$anonfun$apply$12$$anonfun$apply$13.apply(PlayReloader.scala:236) ~[na:na]
	at sbt.PlayReloader$$anon$2$$anonfun$reload$3$$anonfun$4$$anonfun$apply$12$$anonfun$apply$13.apply(PlayReloader.scala:236) ~[na:na]
	at scala.Option.map(Option.scala:133) ~[scala-library.jar:0.11.3]
	at sbt.PlayReloader$$anon$2$$anonfun$reload$3$$anonfun$4$$anonfun$apply$12.apply(PlayReloader.scala:236) ~[na:na]
	at sbt.PlayReloader$$anon$2$$anonfun$reload$3$$anonfun$4$$anonfun$apply$12.apply(PlayReloader.scala:233) ~[na:na]
	at scala.Option.map(Option.scala:133) ~[scala-library.jar:0.11.3]
	at sbt.PlayReloader$$anon$2$$anonfun$reload$3$$anonfun$4.apply(PlayReloader.scala:233) ~[na:na]
	at sbt.PlayReloader$$anon$2$$anonfun$reload$3$$anonfun$4.apply(PlayReloader.scala:231) ~[na:na]
	at scala.Either$LeftProjection.map(Either.scala:183) ~[scala-library.jar:0.11.3]
	at sbt.PlayReloader$$anon$2$$anonfun$reload$3.apply(PlayReloader.scala:231) ~[na:na]
	at sbt.PlayReloader$$anon$2$$anonfun$reload$3.apply(PlayReloader.scala:226) ~[na:na]
	at scala.Option.getOrElse(Option.scala:108) ~[scala-library.jar:0.11.3]
	at sbt.PlayReloader$$anon$2.reload(PlayReloader.scala:226) ~[na:na]
	at play.core.ReloadableApplication$$anonfun$get$1.apply(ApplicationProvider.scala:110) ~[play_2.9.1.jar:2.0.4]
	at play.core.ReloadableApplication$$anonfun$get$1.apply(ApplicationProvider.scala:110) ~[play_2.9.1.jar:2.0.4]
	at akka.dispatch.Future$$anon$3.liftedTree1$1(Future.scala:195) ~[akka-actor.jar:2.0.2]
	at akka.dispatch.Future$$anon$3.run(Future.scala:194) ~[akka-actor.jar:2.0.2]
	at akka.dispatch.TaskInvocation.run(AbstractDispatcher.scala:94) ~[akka-actor.jar:2.0.2]
	at akka.jsr166y.ForkJoinTask$AdaptedRunnableAction.exec(ForkJoinTask.java:1381) ~[akka-actor.jar:2.0.2]
	at akka.jsr166y.ForkJoinTask.doExec(ForkJoinTask.java:259) ~[akka-actor.jar:2.0.2]
	at akka.jsr166y.ForkJoinPool$WorkQueue.runTask(ForkJoinPool.java:975) ~[akka-actor.jar:2.0.2]
	at akka.jsr166y.ForkJoinPool.runWorker(ForkJoinPool.java:1479) ~[akka-actor.jar:2.0.2]
	at akka.jsr166y.ForkJoinWorkerThread.run(ForkJoinWorkerThread.java:104) ~[akka-actor.jar:2.0.2]

2012-12-15 22:56:17,445 - [INFO] - from play in play-akka.actor.default-dispatcher-28 
database [default] connected at jdbc:postgresql://localhost:5432/todolist

2012-12-15 22:56:17,464 - [INFO] - from play in play-akka.actor.default-dispatcher-28 
Application started (Dev)

